C:\CLOUDSEC\DEVELOPMENT\SAMPLE\ENCLAVE2\UNTRUSTED_APP\DEBUG\ENCLAVE2_U.OBJ
C:\CLOUDSEC\DEVELOPMENT\SAMPLE\ENCLAVE2\UNTRUSTED_APP\DEBUG\VC110.PDB
C:\CLOUDSEC\DEVELOPMENT\SAMPLE\ENCLAVE2\UNTRUSTED_APP\DEBUG\UNTRUSTED_APP.OBJ
C:\CLOUDSEC\DEVELOPMENT\SAMPLE\ENCLAVE2\UNTRUSTED_APP\ENCLAVE2_U.H
C:\CLOUDSEC\DEVELOPMENT\SAMPLE\ENCLAVE2\UNTRUSTED_APP\ENCLAVE2_U.C
C:\CLOUDSEC\DEVELOPMENT\SAMPLE\ENCLAVE2\DEBUG\UNTRUSTED_APP.ILK
C:\CLOUDSEC\DEVELOPMENT\SAMPLE\ENCLAVE2\DEBUG\UNTRUSTED_APP.EXE
C:\CLOUDSEC\DEVELOPMENT\SAMPLE\ENCLAVE2\DEBUG\UNTRUSTED_APP.PDB
C:\CloudSec\development\sample\Enclave2\untrusted_app\Debug\Enclave2_u.obj
C:\CloudSec\development\sample\Enclave2\untrusted_app\Debug\untrusted_app.obj
C:\CloudSec\development\sample\Enclave2\untrusted_app\Debug\cl.command.1.tlog
C:\CloudSec\development\sample\Enclave2\untrusted_app\Debug\CL.read.1.tlog
C:\CloudSec\development\sample\Enclave2\untrusted_app\Debug\CL.write.1.tlog
C:\CloudSec\development\sample\Enclave2\untrusted_app\Debug\custombuild.command.1.tlog
C:\CloudSec\development\sample\Enclave2\untrusted_app\Debug\custombuild.read.1.tlog
C:\CloudSec\development\sample\Enclave2\untrusted_app\Debug\custombuild.write.1.tlog
C:\CloudSec\development\sample\Enclave2\untrusted_app\Debug\link-cvtres.read.1.tlog
C:\CloudSec\development\sample\Enclave2\untrusted_app\Debug\link-cvtres.write.1.tlog
C:\CloudSec\development\sample\Enclave2\untrusted_app\Debug\link-rc.read.1.tlog
C:\CloudSec\development\sample\Enclave2\untrusted_app\Debug\link-rc.write.1.tlog
C:\CloudSec\development\sample\Enclave2\untrusted_app\Debug\link.command.1.tlog
C:\CloudSec\development\sample\Enclave2\untrusted_app\Debug\link.read.1.tlog
C:\CloudSec\development\sample\Enclave2\untrusted_app\Debug\link.write.1.tlog
C:\CloudSec\development\sample\Enclave2\untrusted_app\Debug\vc110.idb
C:\CloudSec\development\sample\Enclave2\untrusted_app\Debug\vc110.pdb
C:\CloudSec\development\sample\Enclave2\Debug\untrusted_app.pdb
C:\CloudSec\development\sample\Enclave2\Debug\untrusted_app.exe
C:\CloudSec\development\sample\Enclave2\Debug\untrusted_app.ilk
