Build started 4/14/2016 3:08:18 PM.
     1>Project "C:\Users\praveen\Documents\Visual Studio 2012\Projects\sgx_tsqlite\sgx_usqlite\sgx_usqlite.vcxproj" on node 2 (Rebuild target(s)).
     1>ClCompile:
         C:\Program Files (x86)\Microsoft Visual Studio 11.0\VC\bin\CL.exe /c /Zi /nologo /W3 /WX- /O2 /Oi /Oy- /GL /D WIN32 /D NDEBUG /D _LIB /D _UNICODE /D UNICODE /D SQLITE_CORE /Gm- /EHsc /MD /GS /Gy /fp:precise /Zc:wchar_t /Zc:forScope /Fo"Release\\" /Fd"Release\vc110.pdb" /Gd /TC /analyze- /errorReport:prompt global.c malloc.c mem1.c mutex.c mutex_noop.c mutex_w32.c myfunc.c os.c os_win.c printf.c random.c rowset.c threads.c utf.c util.c
         global.c
         malloc.c
         mem1.c
         mutex.c
         mutex_noop.c
         mutex_w32.c
         myfunc.c
         os.c
         os_win.c
         printf.c
         random.c
         rowset.c
         threads.c
         utf.c
         util.c
       Lib:
         C:\Program Files (x86)\Microsoft Visual Studio 11.0\VC\bin\Lib.exe /OUT:"C:\Users\praveen\Documents\Visual Studio 2012\Projects\sgx_tsqlite\Release\sgx_usqlite.lib" /NOLOGO /LTCG Release\global.obj
         Release\malloc.obj
         Release\mem1.obj
         Release\mutex.obj
         Release\mutex_noop.obj
         Release\mutex_w32.obj
         Release\myfunc.obj
         Release\os.obj
         Release\os_win.obj
         Release\printf.obj
         Release\random.obj
         Release\rowset.obj
         Release\threads.obj
         Release\utf.obj
         Release\util.obj
         sgx_usqlite.vcxproj -> C:\Users\praveen\Documents\Visual Studio 2012\Projects\sgx_tsqlite\Release\sgx_usqlite.lib
     1>Done Building Project "C:\Users\praveen\Documents\Visual Studio 2012\Projects\sgx_tsqlite\sgx_usqlite\sgx_usqlite.vcxproj" (Rebuild target(s)).

Build succeeded.

Time Elapsed 00:00:02.53
