C:\USERS\PRAVEEN\DOCUMENTS\VISUAL STUDIO 2012\PROJECTS\SGX_TSQLITE\SGX_USQLITE\RELEASE\UTIL.OBJ
C:\USERS\PRAVEEN\DOCUMENTS\VISUAL STUDIO 2012\PROJECTS\SGX_TSQLITE\SGX_USQLITE\RELEASE\UTF.OBJ
C:\USERS\PRAVEEN\DOCUMENTS\VISUAL STUDIO 2012\PROJECTS\SGX_TSQLITE\SGX_USQLITE\RELEASE\THREADS.OBJ
C:\USERS\PRAVEEN\DOCUMENTS\VISUAL STUDIO 2012\PROJECTS\SGX_TSQLITE\SGX_USQLITE\RELEASE\ROWSET.OBJ
C:\USERS\PRAVEEN\DOCUMENTS\VISUAL STUDIO 2012\PROJECTS\SGX_TSQLITE\SGX_USQLITE\RELEASE\RANDOM.OBJ
C:\USERS\PRAVEEN\DOCUMENTS\VISUAL STUDIO 2012\PROJECTS\SGX_TSQLITE\SGX_USQLITE\RELEASE\PRINTF.OBJ
C:\USERS\PRAVEEN\DOCUMENTS\VISUAL STUDIO 2012\PROJECTS\SGX_TSQLITE\SGX_USQLITE\RELEASE\OS_WIN.OBJ
C:\USERS\PRAVEEN\DOCUMENTS\VISUAL STUDIO 2012\PROJECTS\SGX_TSQLITE\SGX_USQLITE\RELEASE\OS.OBJ
C:\USERS\PRAVEEN\DOCUMENTS\VISUAL STUDIO 2012\PROJECTS\SGX_TSQLITE\SGX_USQLITE\RELEASE\MYFUNC.OBJ
C:\USERS\PRAVEEN\DOCUMENTS\VISUAL STUDIO 2012\PROJECTS\SGX_TSQLITE\SGX_USQLITE\RELEASE\MUTEX_W32.OBJ
C:\USERS\PRAVEEN\DOCUMENTS\VISUAL STUDIO 2012\PROJECTS\SGX_TSQLITE\SGX_USQLITE\RELEASE\MUTEX_NOOP.OBJ
C:\USERS\PRAVEEN\DOCUMENTS\VISUAL STUDIO 2012\PROJECTS\SGX_TSQLITE\SGX_USQLITE\RELEASE\MUTEX.OBJ
C:\USERS\PRAVEEN\DOCUMENTS\VISUAL STUDIO 2012\PROJECTS\SGX_TSQLITE\SGX_USQLITE\RELEASE\MEM1.OBJ
C:\USERS\PRAVEEN\DOCUMENTS\VISUAL STUDIO 2012\PROJECTS\SGX_TSQLITE\SGX_USQLITE\RELEASE\MALLOC.OBJ
C:\USERS\PRAVEEN\DOCUMENTS\VISUAL STUDIO 2012\PROJECTS\SGX_TSQLITE\SGX_USQLITE\RELEASE\GLOBAL.OBJ
C:\USERS\PRAVEEN\DOCUMENTS\VISUAL STUDIO 2012\PROJECTS\SGX_TSQLITE\SGX_USQLITE\RELEASE\VC110.PDB
C:\USERS\PRAVEEN\DOCUMENTS\VISUAL STUDIO 2012\PROJECTS\SGX_TSQLITE\RELEASE\SGX_USQLITE.LIB
C:\Users\praveen\Documents\Visual Studio 2012\Projects\sgx_tsqlite\sgx_usqlite\Release\global.obj
C:\Users\praveen\Documents\Visual Studio 2012\Projects\sgx_tsqlite\sgx_usqlite\Release\malloc.obj
C:\Users\praveen\Documents\Visual Studio 2012\Projects\sgx_tsqlite\sgx_usqlite\Release\mem1.obj
C:\Users\praveen\Documents\Visual Studio 2012\Projects\sgx_tsqlite\sgx_usqlite\Release\mutex.obj
C:\Users\praveen\Documents\Visual Studio 2012\Projects\sgx_tsqlite\sgx_usqlite\Release\mutex_noop.obj
C:\Users\praveen\Documents\Visual Studio 2012\Projects\sgx_tsqlite\sgx_usqlite\Release\mutex_w32.obj
C:\Users\praveen\Documents\Visual Studio 2012\Projects\sgx_tsqlite\sgx_usqlite\Release\myfunc.obj
C:\Users\praveen\Documents\Visual Studio 2012\Projects\sgx_tsqlite\sgx_usqlite\Release\os.obj
C:\Users\praveen\Documents\Visual Studio 2012\Projects\sgx_tsqlite\sgx_usqlite\Release\os_win.obj
C:\Users\praveen\Documents\Visual Studio 2012\Projects\sgx_tsqlite\sgx_usqlite\Release\printf.obj
C:\Users\praveen\Documents\Visual Studio 2012\Projects\sgx_tsqlite\sgx_usqlite\Release\random.obj
C:\Users\praveen\Documents\Visual Studio 2012\Projects\sgx_tsqlite\sgx_usqlite\Release\rowset.obj
C:\Users\praveen\Documents\Visual Studio 2012\Projects\sgx_tsqlite\sgx_usqlite\Release\threads.obj
C:\Users\praveen\Documents\Visual Studio 2012\Projects\sgx_tsqlite\sgx_usqlite\Release\utf.obj
C:\Users\praveen\Documents\Visual Studio 2012\Projects\sgx_tsqlite\sgx_usqlite\Release\util.obj
C:\Users\praveen\Documents\Visual Studio 2012\Projects\sgx_tsqlite\sgx_usqlite\Release\cl.command.1.tlog
C:\Users\praveen\Documents\Visual Studio 2012\Projects\sgx_tsqlite\sgx_usqlite\Release\CL.read.1.tlog
C:\Users\praveen\Documents\Visual Studio 2012\Projects\sgx_tsqlite\sgx_usqlite\Release\CL.write.1.tlog
C:\Users\praveen\Documents\Visual Studio 2012\Projects\sgx_tsqlite\sgx_usqlite\Release\Lib-link.read.1.tlog
C:\Users\praveen\Documents\Visual Studio 2012\Projects\sgx_tsqlite\sgx_usqlite\Release\Lib-link.write.1.tlog
C:\Users\praveen\Documents\Visual Studio 2012\Projects\sgx_tsqlite\sgx_usqlite\Release\lib.command.1.tlog
C:\Users\praveen\Documents\Visual Studio 2012\Projects\sgx_tsqlite\sgx_usqlite\Release\vc110.pdb
C:\Users\praveen\Documents\Visual Studio 2012\Projects\sgx_tsqlite\Release\sgx_usqlite.lib
