C:\USERS\PRAVEEN\DOCUMENTS\VISUAL STUDIO 2012\PROJECTS\SGX_TSQLITE\SGX_USQLITE\DEBUG\GLOBAL.OBJ
C:\USERS\PRAVEEN\DOCUMENTS\VISUAL STUDIO 2012\PROJECTS\SGX_TSQLITE\SGX_USQLITE\DEBUG\MALLOC.OBJ
C:\USERS\PRAVEEN\DOCUMENTS\VISUAL STUDIO 2012\PROJECTS\SGX_TSQLITE\SGX_USQLITE\DEBUG\MEM1.OBJ
C:\USERS\PRAVEEN\DOCUMENTS\VISUAL STUDIO 2012\PROJECTS\SGX_TSQLITE\SGX_USQLITE\DEBUG\MUTEX.OBJ
C:\USERS\PRAVEEN\DOCUMENTS\VISUAL STUDIO 2012\PROJECTS\SGX_TSQLITE\SGX_USQLITE\DEBUG\MUTEX_NOOP.OBJ
C:\USERS\PRAVEEN\DOCUMENTS\VISUAL STUDIO 2012\PROJECTS\SGX_TSQLITE\SGX_USQLITE\DEBUG\MUTEX_W32.OBJ
C:\USERS\PRAVEEN\DOCUMENTS\VISUAL STUDIO 2012\PROJECTS\SGX_TSQLITE\SGX_USQLITE\DEBUG\MYFUNC.OBJ
C:\USERS\PRAVEEN\DOCUMENTS\VISUAL STUDIO 2012\PROJECTS\SGX_TSQLITE\SGX_USQLITE\DEBUG\OS.OBJ
C:\USERS\PRAVEEN\DOCUMENTS\VISUAL STUDIO 2012\PROJECTS\SGX_TSQLITE\SGX_USQLITE\DEBUG\OS_WIN.OBJ
C:\USERS\PRAVEEN\DOCUMENTS\VISUAL STUDIO 2012\PROJECTS\SGX_TSQLITE\SGX_USQLITE\DEBUG\PRINTF.OBJ
C:\USERS\PRAVEEN\DOCUMENTS\VISUAL STUDIO 2012\PROJECTS\SGX_TSQLITE\SGX_USQLITE\DEBUG\RANDOM.OBJ
C:\USERS\PRAVEEN\DOCUMENTS\VISUAL STUDIO 2012\PROJECTS\SGX_TSQLITE\SGX_USQLITE\DEBUG\ROWSET.OBJ
C:\USERS\PRAVEEN\DOCUMENTS\VISUAL STUDIO 2012\PROJECTS\SGX_TSQLITE\SGX_USQLITE\DEBUG\THREADS.OBJ
C:\USERS\PRAVEEN\DOCUMENTS\VISUAL STUDIO 2012\PROJECTS\SGX_TSQLITE\SGX_USQLITE\DEBUG\UTF.OBJ
C:\USERS\PRAVEEN\DOCUMENTS\VISUAL STUDIO 2012\PROJECTS\SGX_TSQLITE\SGX_USQLITE\DEBUG\UTIL.OBJ
C:\USERS\PRAVEEN\DOCUMENTS\VISUAL STUDIO 2012\PROJECTS\SGX_TSQLITE\SGX_USQLITE\DEBUG\VC110.PDB
C:\USERS\PRAVEEN\DOCUMENTS\VISUAL STUDIO 2012\PROJECTS\SGX_TSQLITE\DEBUG\SGX_USQLITE.LIB
C:\Users\praveen\documents\visual studio 2012\Projects\sgx_tsqlite\sgx_usqlite\Debug\global.obj
C:\Users\praveen\documents\visual studio 2012\Projects\sgx_tsqlite\sgx_usqlite\Debug\malloc.obj
C:\Users\praveen\documents\visual studio 2012\Projects\sgx_tsqlite\sgx_usqlite\Debug\mem1.obj
C:\Users\praveen\documents\visual studio 2012\Projects\sgx_tsqlite\sgx_usqlite\Debug\mutex.obj
C:\Users\praveen\documents\visual studio 2012\Projects\sgx_tsqlite\sgx_usqlite\Debug\mutex_noop.obj
C:\Users\praveen\documents\visual studio 2012\Projects\sgx_tsqlite\sgx_usqlite\Debug\mutex_w32.obj
C:\Users\praveen\documents\visual studio 2012\Projects\sgx_tsqlite\sgx_usqlite\Debug\myfunc.obj
C:\Users\praveen\documents\visual studio 2012\Projects\sgx_tsqlite\sgx_usqlite\Debug\os.obj
C:\Users\praveen\documents\visual studio 2012\Projects\sgx_tsqlite\sgx_usqlite\Debug\os_win.obj
C:\Users\praveen\documents\visual studio 2012\Projects\sgx_tsqlite\sgx_usqlite\Debug\printf.obj
C:\Users\praveen\documents\visual studio 2012\Projects\sgx_tsqlite\sgx_usqlite\Debug\random.obj
C:\Users\praveen\documents\visual studio 2012\Projects\sgx_tsqlite\sgx_usqlite\Debug\rowset.obj
C:\Users\praveen\documents\visual studio 2012\Projects\sgx_tsqlite\sgx_usqlite\Debug\threads.obj
C:\Users\praveen\documents\visual studio 2012\Projects\sgx_tsqlite\sgx_usqlite\Debug\utf.obj
C:\Users\praveen\documents\visual studio 2012\Projects\sgx_tsqlite\sgx_usqlite\Debug\util.obj
C:\Users\praveen\documents\visual studio 2012\Projects\sgx_tsqlite\sgx_usqlite\Debug\cl.command.1.tlog
C:\Users\praveen\documents\visual studio 2012\Projects\sgx_tsqlite\sgx_usqlite\Debug\CL.read.1.tlog
C:\Users\praveen\documents\visual studio 2012\Projects\sgx_tsqlite\sgx_usqlite\Debug\CL.write.1.tlog
C:\Users\praveen\documents\visual studio 2012\Projects\sgx_tsqlite\sgx_usqlite\Debug\Lib-link.read.1.tlog
C:\Users\praveen\documents\visual studio 2012\Projects\sgx_tsqlite\sgx_usqlite\Debug\Lib-link.write.1.tlog
C:\Users\praveen\documents\visual studio 2012\Projects\sgx_tsqlite\sgx_usqlite\Debug\lib.command.1.tlog
C:\Users\praveen\documents\visual studio 2012\Projects\sgx_tsqlite\sgx_usqlite\Debug\vc110.idb
C:\Users\praveen\documents\visual studio 2012\Projects\sgx_tsqlite\sgx_usqlite\Debug\vc110.pdb
C:\Users\praveen\documents\visual studio 2012\Projects\sgx_tsqlite\Debug\sgx_usqlite.lib
