C:\USERS\PRAVEEN\DOCUMENTS\VISUAL STUDIO 2012\PROJECTS\SGX_TSQLITE\SGX_TSQLITE\DEBUG\FTS1_HASH.OBJ
C:\USERS\PRAVEEN\DOCUMENTS\VISUAL STUDIO 2012\PROJECTS\SGX_TSQLITE\SGX_TSQLITE\DEBUG\FTS1.OBJ
C:\USERS\PRAVEEN\DOCUMENTS\VISUAL STUDIO 2012\PROJECTS\SGX_TSQLITE\SGX_TSQLITE\DEBUG\FKEY.OBJ
C:\USERS\PRAVEEN\DOCUMENTS\VISUAL STUDIO 2012\PROJECTS\SGX_TSQLITE\SGX_TSQLITE\DEBUG\FAULT.OBJ
C:\USERS\PRAVEEN\DOCUMENTS\VISUAL STUDIO 2012\PROJECTS\SGX_TSQLITE\SGX_TSQLITE\DEBUG\EXPR.OBJ
C:\USERS\PRAVEEN\DOCUMENTS\VISUAL STUDIO 2012\PROJECTS\SGX_TSQLITE\SGX_TSQLITE\DEBUG\DELETE.OBJ
C:\USERS\PRAVEEN\DOCUMENTS\VISUAL STUDIO 2012\PROJECTS\SGX_TSQLITE\SGX_TSQLITE\DEBUG\DBSTAT.OBJ
C:\USERS\PRAVEEN\DOCUMENTS\VISUAL STUDIO 2012\PROJECTS\SGX_TSQLITE\SGX_TSQLITE\DEBUG\DATE.OBJ
C:\USERS\PRAVEEN\DOCUMENTS\VISUAL STUDIO 2012\PROJECTS\SGX_TSQLITE\SGX_TSQLITE\DEBUG\CTIME.OBJ
C:\USERS\PRAVEEN\DOCUMENTS\VISUAL STUDIO 2012\PROJECTS\SGX_TSQLITE\SGX_TSQLITE\DEBUG\COMPLETE.OBJ
C:\USERS\PRAVEEN\DOCUMENTS\VISUAL STUDIO 2012\PROJECTS\SGX_TSQLITE\SGX_TSQLITE\DEBUG\CALLBACK.OBJ
C:\USERS\PRAVEEN\DOCUMENTS\VISUAL STUDIO 2012\PROJECTS\SGX_TSQLITE\SGX_TSQLITE\DEBUG\BUILD.OBJ
C:\USERS\PRAVEEN\DOCUMENTS\VISUAL STUDIO 2012\PROJECTS\SGX_TSQLITE\SGX_TSQLITE\DEBUG\BTREE.OBJ
C:\USERS\PRAVEEN\DOCUMENTS\VISUAL STUDIO 2012\PROJECTS\SGX_TSQLITE\SGX_TSQLITE\DEBUG\BTMUTEX.OBJ
C:\USERS\PRAVEEN\DOCUMENTS\VISUAL STUDIO 2012\PROJECTS\SGX_TSQLITE\SGX_TSQLITE\DEBUG\BITVEC.OBJ
C:\USERS\PRAVEEN\DOCUMENTS\VISUAL STUDIO 2012\PROJECTS\SGX_TSQLITE\SGX_TSQLITE\DEBUG\BACKUP.OBJ
C:\USERS\PRAVEEN\DOCUMENTS\VISUAL STUDIO 2012\PROJECTS\SGX_TSQLITE\SGX_TSQLITE\DEBUG\AUTH.OBJ
C:\USERS\PRAVEEN\DOCUMENTS\VISUAL STUDIO 2012\PROJECTS\SGX_TSQLITE\SGX_TSQLITE\DEBUG\ATTACH.OBJ
C:\USERS\PRAVEEN\DOCUMENTS\VISUAL STUDIO 2012\PROJECTS\SGX_TSQLITE\SGX_TSQLITE\DEBUG\ANALYZE.OBJ
C:\USERS\PRAVEEN\DOCUMENTS\VISUAL STUDIO 2012\PROJECTS\SGX_TSQLITE\SGX_TSQLITE\DEBUG\ALTER.OBJ
C:\USERS\PRAVEEN\DOCUMENTS\VISUAL STUDIO 2012\PROJECTS\SGX_TSQLITE\SGX_TSQLITE\DEBUG\FTS3_UNICODE2.OBJ
C:\USERS\PRAVEEN\DOCUMENTS\VISUAL STUDIO 2012\PROJECTS\SGX_TSQLITE\SGX_TSQLITE\DEBUG\FTS3_UNICODE.OBJ
C:\USERS\PRAVEEN\DOCUMENTS\VISUAL STUDIO 2012\PROJECTS\SGX_TSQLITE\SGX_TSQLITE\DEBUG\FTS3_TOKENIZE_VTAB.OBJ
C:\USERS\PRAVEEN\DOCUMENTS\VISUAL STUDIO 2012\PROJECTS\SGX_TSQLITE\SGX_TSQLITE\DEBUG\FTS3_TOKENIZER1.OBJ
C:\USERS\PRAVEEN\DOCUMENTS\VISUAL STUDIO 2012\PROJECTS\SGX_TSQLITE\SGX_TSQLITE\DEBUG\FTS3_TOKENIZER.OBJ
C:\USERS\PRAVEEN\DOCUMENTS\VISUAL STUDIO 2012\PROJECTS\SGX_TSQLITE\SGX_TSQLITE\DEBUG\FTS3_SNIPPET.OBJ
C:\USERS\PRAVEEN\DOCUMENTS\VISUAL STUDIO 2012\PROJECTS\SGX_TSQLITE\SGX_TSQLITE\DEBUG\FTS3_PORTER.OBJ
C:\USERS\PRAVEEN\DOCUMENTS\VISUAL STUDIO 2012\PROJECTS\SGX_TSQLITE\SGX_TSQLITE\DEBUG\FTS3_ICU.OBJ
C:\USERS\PRAVEEN\DOCUMENTS\VISUAL STUDIO 2012\PROJECTS\SGX_TSQLITE\SGX_TSQLITE\DEBUG\FTS3_HASH.OBJ
C:\USERS\PRAVEEN\DOCUMENTS\VISUAL STUDIO 2012\PROJECTS\SGX_TSQLITE\SGX_TSQLITE\DEBUG\FTS3_EXPR.OBJ
C:\USERS\PRAVEEN\DOCUMENTS\VISUAL STUDIO 2012\PROJECTS\SGX_TSQLITE\SGX_TSQLITE\DEBUG\FTS3_AUX.OBJ
C:\USERS\PRAVEEN\DOCUMENTS\VISUAL STUDIO 2012\PROJECTS\SGX_TSQLITE\SGX_TSQLITE\DEBUG\FTS3.OBJ
C:\USERS\PRAVEEN\DOCUMENTS\VISUAL STUDIO 2012\PROJECTS\SGX_TSQLITE\SGX_TSQLITE\DEBUG\FTS2_TOKENIZER1.OBJ
C:\USERS\PRAVEEN\DOCUMENTS\VISUAL STUDIO 2012\PROJECTS\SGX_TSQLITE\SGX_TSQLITE\DEBUG\FTS2_TOKENIZER.OBJ
C:\USERS\PRAVEEN\DOCUMENTS\VISUAL STUDIO 2012\PROJECTS\SGX_TSQLITE\SGX_TSQLITE\DEBUG\FTS2_PORTER.OBJ
C:\USERS\PRAVEEN\DOCUMENTS\VISUAL STUDIO 2012\PROJECTS\SGX_TSQLITE\SGX_TSQLITE\DEBUG\FTS2_ICU.OBJ
C:\USERS\PRAVEEN\DOCUMENTS\VISUAL STUDIO 2012\PROJECTS\SGX_TSQLITE\SGX_TSQLITE\DEBUG\FTS2_HASH.OBJ
C:\USERS\PRAVEEN\DOCUMENTS\VISUAL STUDIO 2012\PROJECTS\SGX_TSQLITE\SGX_TSQLITE\DEBUG\FTS2.OBJ
C:\USERS\PRAVEEN\DOCUMENTS\VISUAL STUDIO 2012\PROJECTS\SGX_TSQLITE\SGX_TSQLITE\DEBUG\FTS1_TOKENIZER1.OBJ
C:\USERS\PRAVEEN\DOCUMENTS\VISUAL STUDIO 2012\PROJECTS\SGX_TSQLITE\SGX_TSQLITE\DEBUG\FTS1_PORTER.OBJ
C:\USERS\PRAVEEN\DOCUMENTS\VISUAL STUDIO 2012\PROJECTS\SGX_TSQLITE\SGX_TSQLITE\DEBUG\MUTEX.OBJ
C:\USERS\PRAVEEN\DOCUMENTS\VISUAL STUDIO 2012\PROJECTS\SGX_TSQLITE\SGX_TSQLITE\DEBUG\MEMJOURNAL.OBJ
C:\USERS\PRAVEEN\DOCUMENTS\VISUAL STUDIO 2012\PROJECTS\SGX_TSQLITE\SGX_TSQLITE\DEBUG\MEM5.OBJ
C:\USERS\PRAVEEN\DOCUMENTS\VISUAL STUDIO 2012\PROJECTS\SGX_TSQLITE\SGX_TSQLITE\DEBUG\MEM3.OBJ
C:\USERS\PRAVEEN\DOCUMENTS\VISUAL STUDIO 2012\PROJECTS\SGX_TSQLITE\SGX_TSQLITE\DEBUG\MEM2.OBJ
C:\USERS\PRAVEEN\DOCUMENTS\VISUAL STUDIO 2012\PROJECTS\SGX_TSQLITE\SGX_TSQLITE\DEBUG\MEM1.OBJ
C:\USERS\PRAVEEN\DOCUMENTS\VISUAL STUDIO 2012\PROJECTS\SGX_TSQLITE\SGX_TSQLITE\DEBUG\MEM0.OBJ
C:\USERS\PRAVEEN\DOCUMENTS\VISUAL STUDIO 2012\PROJECTS\SGX_TSQLITE\SGX_TSQLITE\DEBUG\MALLOC.OBJ
C:\USERS\PRAVEEN\DOCUMENTS\VISUAL STUDIO 2012\PROJECTS\SGX_TSQLITE\SGX_TSQLITE\DEBUG\MAIN.OBJ
C:\USERS\PRAVEEN\DOCUMENTS\VISUAL STUDIO 2012\PROJECTS\SGX_TSQLITE\SGX_TSQLITE\DEBUG\LOADEXT.OBJ
C:\USERS\PRAVEEN\DOCUMENTS\VISUAL STUDIO 2012\PROJECTS\SGX_TSQLITE\SGX_TSQLITE\DEBUG\LEGACY.OBJ
C:\USERS\PRAVEEN\DOCUMENTS\VISUAL STUDIO 2012\PROJECTS\SGX_TSQLITE\SGX_TSQLITE\DEBUG\JSON1.OBJ
C:\USERS\PRAVEEN\DOCUMENTS\VISUAL STUDIO 2012\PROJECTS\SGX_TSQLITE\SGX_TSQLITE\DEBUG\JOURNAL.OBJ
C:\USERS\PRAVEEN\DOCUMENTS\VISUAL STUDIO 2012\PROJECTS\SGX_TSQLITE\SGX_TSQLITE\DEBUG\INSERT.OBJ
C:\USERS\PRAVEEN\DOCUMENTS\VISUAL STUDIO 2012\PROJECTS\SGX_TSQLITE\SGX_TSQLITE\DEBUG\ICU.OBJ
C:\USERS\PRAVEEN\DOCUMENTS\VISUAL STUDIO 2012\PROJECTS\SGX_TSQLITE\SGX_TSQLITE\DEBUG\HASH.OBJ
C:\USERS\PRAVEEN\DOCUMENTS\VISUAL STUDIO 2012\PROJECTS\SGX_TSQLITE\SGX_TSQLITE\DEBUG\GLOBAL.OBJ
C:\USERS\PRAVEEN\DOCUMENTS\VISUAL STUDIO 2012\PROJECTS\SGX_TSQLITE\SGX_TSQLITE\DEBUG\FUNC.OBJ
C:\USERS\PRAVEEN\DOCUMENTS\VISUAL STUDIO 2012\PROJECTS\SGX_TSQLITE\SGX_TSQLITE\DEBUG\FTS5.OBJ
C:\USERS\PRAVEEN\DOCUMENTS\VISUAL STUDIO 2012\PROJECTS\SGX_TSQLITE\SGX_TSQLITE\DEBUG\FTS3_WRITE.OBJ
C:\USERS\PRAVEEN\DOCUMENTS\VISUAL STUDIO 2012\PROJECTS\SGX_TSQLITE\SGX_TSQLITE\DEBUG\STATUS.OBJ
C:\USERS\PRAVEEN\DOCUMENTS\VISUAL STUDIO 2012\PROJECTS\SGX_TSQLITE\SGX_TSQLITE\DEBUG\SQLITE3RBU.OBJ
C:\USERS\PRAVEEN\DOCUMENTS\VISUAL STUDIO 2012\PROJECTS\SGX_TSQLITE\SGX_TSQLITE\DEBUG\SIZEUTIL.OBJ
C:\USERS\PRAVEEN\DOCUMENTS\VISUAL STUDIO 2012\PROJECTS\SGX_TSQLITE\SGX_TSQLITE\DEBUG\SGX_TSQLITE_T.OBJ
C:\USERS\PRAVEEN\DOCUMENTS\VISUAL STUDIO 2012\PROJECTS\SGX_TSQLITE\SGX_TSQLITE\DEBUG\SELECT.OBJ
C:\USERS\PRAVEEN\DOCUMENTS\VISUAL STUDIO 2012\PROJECTS\SGX_TSQLITE\SGX_TSQLITE\DEBUG\RTREE.OBJ
C:\USERS\PRAVEEN\DOCUMENTS\VISUAL STUDIO 2012\PROJECTS\SGX_TSQLITE\SGX_TSQLITE\DEBUG\ROWSET.OBJ
C:\USERS\PRAVEEN\DOCUMENTS\VISUAL STUDIO 2012\PROJECTS\SGX_TSQLITE\SGX_TSQLITE\DEBUG\RESOLVE.OBJ
C:\USERS\PRAVEEN\DOCUMENTS\VISUAL STUDIO 2012\PROJECTS\SGX_TSQLITE\SGX_TSQLITE\DEBUG\RANDOM.OBJ
C:\USERS\PRAVEEN\DOCUMENTS\VISUAL STUDIO 2012\PROJECTS\SGX_TSQLITE\SGX_TSQLITE\DEBUG\PRINTF.OBJ
C:\USERS\PRAVEEN\DOCUMENTS\VISUAL STUDIO 2012\PROJECTS\SGX_TSQLITE\SGX_TSQLITE\DEBUG\PREPARE.OBJ
C:\USERS\PRAVEEN\DOCUMENTS\VISUAL STUDIO 2012\PROJECTS\SGX_TSQLITE\SGX_TSQLITE\DEBUG\PRAGMA.OBJ
C:\USERS\PRAVEEN\DOCUMENTS\VISUAL STUDIO 2012\PROJECTS\SGX_TSQLITE\SGX_TSQLITE\DEBUG\PCACHE1.OBJ
C:\USERS\PRAVEEN\DOCUMENTS\VISUAL STUDIO 2012\PROJECTS\SGX_TSQLITE\SGX_TSQLITE\DEBUG\PCACHE.OBJ
C:\USERS\PRAVEEN\DOCUMENTS\VISUAL STUDIO 2012\PROJECTS\SGX_TSQLITE\SGX_TSQLITE\DEBUG\PARSE.OBJ
C:\USERS\PRAVEEN\DOCUMENTS\VISUAL STUDIO 2012\PROJECTS\SGX_TSQLITE\SGX_TSQLITE\DEBUG\PAGER.OBJ
C:\USERS\PRAVEEN\DOCUMENTS\VISUAL STUDIO 2012\PROJECTS\SGX_TSQLITE\SGX_TSQLITE\DEBUG\OPCODES.OBJ
C:\USERS\PRAVEEN\DOCUMENTS\VISUAL STUDIO 2012\PROJECTS\SGX_TSQLITE\SGX_TSQLITE\DEBUG\NOTIFY.OBJ
C:\USERS\PRAVEEN\DOCUMENTS\VISUAL STUDIO 2012\PROJECTS\SGX_TSQLITE\SGX_TSQLITE\DEBUG\MUTEX_W32.OBJ
C:\USERS\PRAVEEN\DOCUMENTS\VISUAL STUDIO 2012\PROJECTS\SGX_TSQLITE\SGX_TSQLITE\DEBUG\MUTEX_NOOP.OBJ
C:\USERS\PRAVEEN\DOCUMENTS\VISUAL STUDIO 2012\PROJECTS\SGX_TSQLITE\SGX_TSQLITE\DEBUG\WHERE.OBJ
C:\USERS\PRAVEEN\DOCUMENTS\VISUAL STUDIO 2012\PROJECTS\SGX_TSQLITE\SGX_TSQLITE\DEBUG\WALKER.OBJ
C:\USERS\PRAVEEN\DOCUMENTS\VISUAL STUDIO 2012\PROJECTS\SGX_TSQLITE\SGX_TSQLITE\DEBUG\WAL.OBJ
C:\USERS\PRAVEEN\DOCUMENTS\VISUAL STUDIO 2012\PROJECTS\SGX_TSQLITE\SGX_TSQLITE\DEBUG\VTAB.OBJ
C:\USERS\PRAVEEN\DOCUMENTS\VISUAL STUDIO 2012\PROJECTS\SGX_TSQLITE\SGX_TSQLITE\DEBUG\VDBETRACE.OBJ
C:\USERS\PRAVEEN\DOCUMENTS\VISUAL STUDIO 2012\PROJECTS\SGX_TSQLITE\SGX_TSQLITE\DEBUG\VDBESORT.OBJ
C:\USERS\PRAVEEN\DOCUMENTS\VISUAL STUDIO 2012\PROJECTS\SGX_TSQLITE\SGX_TSQLITE\DEBUG\VDBEMEM.OBJ
C:\USERS\PRAVEEN\DOCUMENTS\VISUAL STUDIO 2012\PROJECTS\SGX_TSQLITE\SGX_TSQLITE\DEBUG\VDBEBLOB.OBJ
C:\USERS\PRAVEEN\DOCUMENTS\VISUAL STUDIO 2012\PROJECTS\SGX_TSQLITE\SGX_TSQLITE\DEBUG\VDBEAUX.OBJ
C:\USERS\PRAVEEN\DOCUMENTS\VISUAL STUDIO 2012\PROJECTS\SGX_TSQLITE\SGX_TSQLITE\DEBUG\VDBEAPI.OBJ
C:\USERS\PRAVEEN\DOCUMENTS\VISUAL STUDIO 2012\PROJECTS\SGX_TSQLITE\SGX_TSQLITE\DEBUG\VDBE.OBJ
C:\USERS\PRAVEEN\DOCUMENTS\VISUAL STUDIO 2012\PROJECTS\SGX_TSQLITE\SGX_TSQLITE\DEBUG\VACUUM.OBJ
C:\USERS\PRAVEEN\DOCUMENTS\VISUAL STUDIO 2012\PROJECTS\SGX_TSQLITE\SGX_TSQLITE\DEBUG\UTIL.OBJ
C:\USERS\PRAVEEN\DOCUMENTS\VISUAL STUDIO 2012\PROJECTS\SGX_TSQLITE\SGX_TSQLITE\DEBUG\UTF.OBJ
C:\USERS\PRAVEEN\DOCUMENTS\VISUAL STUDIO 2012\PROJECTS\SGX_TSQLITE\SGX_TSQLITE\DEBUG\USERAUTH.OBJ
C:\USERS\PRAVEEN\DOCUMENTS\VISUAL STUDIO 2012\PROJECTS\SGX_TSQLITE\SGX_TSQLITE\DEBUG\UPDATE.OBJ
C:\USERS\PRAVEEN\DOCUMENTS\VISUAL STUDIO 2012\PROJECTS\SGX_TSQLITE\SGX_TSQLITE\DEBUG\TRIGGER.OBJ
C:\USERS\PRAVEEN\DOCUMENTS\VISUAL STUDIO 2012\PROJECTS\SGX_TSQLITE\SGX_TSQLITE\DEBUG\TREEVIEW.OBJ
C:\USERS\PRAVEEN\DOCUMENTS\VISUAL STUDIO 2012\PROJECTS\SGX_TSQLITE\SGX_TSQLITE\DEBUG\TOKENIZE.OBJ
C:\USERS\PRAVEEN\DOCUMENTS\VISUAL STUDIO 2012\PROJECTS\SGX_TSQLITE\SGX_TSQLITE\DEBUG\TABLE.OBJ
C:\USERS\PRAVEEN\DOCUMENTS\VISUAL STUDIO 2012\PROJECTS\SGX_TSQLITE\SGX_TSQLITE\DEBUG\WHEREEXPR.OBJ
C:\USERS\PRAVEEN\DOCUMENTS\VISUAL STUDIO 2012\PROJECTS\SGX_TSQLITE\SGX_TSQLITE\DEBUG\WHERECODE.OBJ
C:\USERS\PRAVEEN\DOCUMENTS\VISUAL STUDIO 2012\PROJECTS\SGX_TSQLITE\SGX_TSQLITE\DEBUG\VC110.PDB
C:\USERS\PRAVEEN\DOCUMENTS\VISUAL STUDIO 2012\PROJECTS\SGX_TSQLITE\SGX_TSQLITE\DEBUG\SGX_TSQLITE.OBJ
C:\USERS\PRAVEEN\DOCUMENTS\VISUAL STUDIO 2012\PROJECTS\SGX_TSQLITE\SGX_TSQLITE\SGX_TSQLITE_T.H
C:\USERS\PRAVEEN\DOCUMENTS\VISUAL STUDIO 2012\PROJECTS\SGX_TSQLITE\SGX_TSQLITE\SGX_TSQLITE_T.C
C:\USERS\PRAVEEN\DOCUMENTS\VISUAL STUDIO 2012\PROJECTS\SGX_TSQLITE\DEBUG\SGX_TSQLITE.DLL
C:\USERS\PRAVEEN\DOCUMENTS\VISUAL STUDIO 2012\PROJECTS\SGX_TSQLITE\DEBUG\SGX_TSQLITE.PDB
c:\dev\src\build\lib\sgx_tsqlite.lib
c:\dev\src\build\lib\sgx_tsqlite.exp
C:\Users\praveen\documents\visual studio 2012\Projects\sgx_tsqlite\sgx_tsqlite\Debug\alter.obj
C:\Users\praveen\documents\visual studio 2012\Projects\sgx_tsqlite\sgx_tsqlite\Debug\analyze.obj
C:\Users\praveen\documents\visual studio 2012\Projects\sgx_tsqlite\sgx_tsqlite\Debug\attach.obj
C:\Users\praveen\documents\visual studio 2012\Projects\sgx_tsqlite\sgx_tsqlite\Debug\auth.obj
C:\Users\praveen\documents\visual studio 2012\Projects\sgx_tsqlite\sgx_tsqlite\Debug\backup.obj
C:\Users\praveen\documents\visual studio 2012\Projects\sgx_tsqlite\sgx_tsqlite\Debug\bitvec.obj
C:\Users\praveen\documents\visual studio 2012\Projects\sgx_tsqlite\sgx_tsqlite\Debug\btmutex.obj
C:\Users\praveen\documents\visual studio 2012\Projects\sgx_tsqlite\sgx_tsqlite\Debug\btree.obj
C:\Users\praveen\documents\visual studio 2012\Projects\sgx_tsqlite\sgx_tsqlite\Debug\build.obj
C:\Users\praveen\documents\visual studio 2012\Projects\sgx_tsqlite\sgx_tsqlite\Debug\callback.obj
C:\Users\praveen\documents\visual studio 2012\Projects\sgx_tsqlite\sgx_tsqlite\Debug\complete.obj
C:\Users\praveen\documents\visual studio 2012\Projects\sgx_tsqlite\sgx_tsqlite\Debug\ctime.obj
C:\Users\praveen\documents\visual studio 2012\Projects\sgx_tsqlite\sgx_tsqlite\Debug\date.obj
C:\Users\praveen\documents\visual studio 2012\Projects\sgx_tsqlite\sgx_tsqlite\Debug\dbstat.obj
C:\Users\praveen\documents\visual studio 2012\Projects\sgx_tsqlite\sgx_tsqlite\Debug\delete.obj
C:\Users\praveen\documents\visual studio 2012\Projects\sgx_tsqlite\sgx_tsqlite\Debug\expr.obj
C:\Users\praveen\documents\visual studio 2012\Projects\sgx_tsqlite\sgx_tsqlite\Debug\fault.obj
C:\Users\praveen\documents\visual studio 2012\Projects\sgx_tsqlite\sgx_tsqlite\Debug\fkey.obj
C:\Users\praveen\documents\visual studio 2012\Projects\sgx_tsqlite\sgx_tsqlite\Debug\fts1.obj
C:\Users\praveen\documents\visual studio 2012\Projects\sgx_tsqlite\sgx_tsqlite\Debug\fts1_hash.obj
C:\Users\praveen\documents\visual studio 2012\Projects\sgx_tsqlite\sgx_tsqlite\Debug\fts1_porter.obj
C:\Users\praveen\documents\visual studio 2012\Projects\sgx_tsqlite\sgx_tsqlite\Debug\fts1_tokenizer1.obj
C:\Users\praveen\documents\visual studio 2012\Projects\sgx_tsqlite\sgx_tsqlite\Debug\fts2.obj
C:\Users\praveen\documents\visual studio 2012\Projects\sgx_tsqlite\sgx_tsqlite\Debug\fts2_hash.obj
C:\Users\praveen\documents\visual studio 2012\Projects\sgx_tsqlite\sgx_tsqlite\Debug\fts2_icu.obj
C:\Users\praveen\documents\visual studio 2012\Projects\sgx_tsqlite\sgx_tsqlite\Debug\fts2_porter.obj
C:\Users\praveen\documents\visual studio 2012\Projects\sgx_tsqlite\sgx_tsqlite\Debug\fts2_tokenizer.obj
C:\Users\praveen\documents\visual studio 2012\Projects\sgx_tsqlite\sgx_tsqlite\Debug\fts2_tokenizer1.obj
C:\Users\praveen\documents\visual studio 2012\Projects\sgx_tsqlite\sgx_tsqlite\Debug\fts3.obj
C:\Users\praveen\documents\visual studio 2012\Projects\sgx_tsqlite\sgx_tsqlite\Debug\fts3_aux.obj
C:\Users\praveen\documents\visual studio 2012\Projects\sgx_tsqlite\sgx_tsqlite\Debug\fts3_expr.obj
C:\Users\praveen\documents\visual studio 2012\Projects\sgx_tsqlite\sgx_tsqlite\Debug\fts3_hash.obj
C:\Users\praveen\documents\visual studio 2012\Projects\sgx_tsqlite\sgx_tsqlite\Debug\fts3_icu.obj
C:\Users\praveen\documents\visual studio 2012\Projects\sgx_tsqlite\sgx_tsqlite\Debug\fts3_porter.obj
C:\Users\praveen\documents\visual studio 2012\Projects\sgx_tsqlite\sgx_tsqlite\Debug\fts3_snippet.obj
C:\Users\praveen\documents\visual studio 2012\Projects\sgx_tsqlite\sgx_tsqlite\Debug\fts3_tokenizer.obj
C:\Users\praveen\documents\visual studio 2012\Projects\sgx_tsqlite\sgx_tsqlite\Debug\fts3_tokenizer1.obj
C:\Users\praveen\documents\visual studio 2012\Projects\sgx_tsqlite\sgx_tsqlite\Debug\fts3_tokenize_vtab.obj
C:\Users\praveen\documents\visual studio 2012\Projects\sgx_tsqlite\sgx_tsqlite\Debug\fts3_unicode.obj
C:\Users\praveen\documents\visual studio 2012\Projects\sgx_tsqlite\sgx_tsqlite\Debug\fts3_unicode2.obj
C:\Users\praveen\documents\visual studio 2012\Projects\sgx_tsqlite\sgx_tsqlite\Debug\fts3_write.obj
C:\Users\praveen\documents\visual studio 2012\Projects\sgx_tsqlite\sgx_tsqlite\Debug\fts5.obj
C:\Users\praveen\documents\visual studio 2012\Projects\sgx_tsqlite\sgx_tsqlite\Debug\func.obj
C:\Users\praveen\documents\visual studio 2012\Projects\sgx_tsqlite\sgx_tsqlite\Debug\global.obj
C:\Users\praveen\documents\visual studio 2012\Projects\sgx_tsqlite\sgx_tsqlite\Debug\hash.obj
C:\Users\praveen\documents\visual studio 2012\Projects\sgx_tsqlite\sgx_tsqlite\Debug\icu.obj
C:\Users\praveen\documents\visual studio 2012\Projects\sgx_tsqlite\sgx_tsqlite\Debug\insert.obj
C:\Users\praveen\documents\visual studio 2012\Projects\sgx_tsqlite\sgx_tsqlite\Debug\journal.obj
C:\Users\praveen\documents\visual studio 2012\Projects\sgx_tsqlite\sgx_tsqlite\Debug\json1.obj
C:\Users\praveen\documents\visual studio 2012\Projects\sgx_tsqlite\sgx_tsqlite\Debug\legacy.obj
C:\Users\praveen\documents\visual studio 2012\Projects\sgx_tsqlite\sgx_tsqlite\Debug\loadext.obj
C:\Users\praveen\documents\visual studio 2012\Projects\sgx_tsqlite\sgx_tsqlite\Debug\main.obj
C:\Users\praveen\documents\visual studio 2012\Projects\sgx_tsqlite\sgx_tsqlite\Debug\malloc.obj
C:\Users\praveen\documents\visual studio 2012\Projects\sgx_tsqlite\sgx_tsqlite\Debug\mem0.obj
C:\Users\praveen\documents\visual studio 2012\Projects\sgx_tsqlite\sgx_tsqlite\Debug\mem1.obj
C:\Users\praveen\documents\visual studio 2012\Projects\sgx_tsqlite\sgx_tsqlite\Debug\mem2.obj
C:\Users\praveen\documents\visual studio 2012\Projects\sgx_tsqlite\sgx_tsqlite\Debug\mem3.obj
C:\Users\praveen\documents\visual studio 2012\Projects\sgx_tsqlite\sgx_tsqlite\Debug\mem5.obj
C:\Users\praveen\documents\visual studio 2012\Projects\sgx_tsqlite\sgx_tsqlite\Debug\memjournal.obj
C:\Users\praveen\documents\visual studio 2012\Projects\sgx_tsqlite\sgx_tsqlite\Debug\mutex.obj
C:\Users\praveen\documents\visual studio 2012\Projects\sgx_tsqlite\sgx_tsqlite\Debug\mutex_noop.obj
C:\Users\praveen\documents\visual studio 2012\Projects\sgx_tsqlite\sgx_tsqlite\Debug\mutex_w32.obj
C:\Users\praveen\documents\visual studio 2012\Projects\sgx_tsqlite\sgx_tsqlite\Debug\notify.obj
C:\Users\praveen\documents\visual studio 2012\Projects\sgx_tsqlite\sgx_tsqlite\Debug\opcodes.obj
C:\Users\praveen\documents\visual studio 2012\Projects\sgx_tsqlite\sgx_tsqlite\Debug\pager.obj
C:\Users\praveen\documents\visual studio 2012\Projects\sgx_tsqlite\sgx_tsqlite\Debug\parse.obj
C:\Users\praveen\documents\visual studio 2012\Projects\sgx_tsqlite\sgx_tsqlite\Debug\pcache.obj
C:\Users\praveen\documents\visual studio 2012\Projects\sgx_tsqlite\sgx_tsqlite\Debug\pcache1.obj
C:\Users\praveen\documents\visual studio 2012\Projects\sgx_tsqlite\sgx_tsqlite\Debug\pragma.obj
C:\Users\praveen\documents\visual studio 2012\Projects\sgx_tsqlite\sgx_tsqlite\Debug\prepare.obj
C:\Users\praveen\documents\visual studio 2012\Projects\sgx_tsqlite\sgx_tsqlite\Debug\printf.obj
C:\Users\praveen\documents\visual studio 2012\Projects\sgx_tsqlite\sgx_tsqlite\Debug\random.obj
C:\Users\praveen\documents\visual studio 2012\Projects\sgx_tsqlite\sgx_tsqlite\Debug\resolve.obj
C:\Users\praveen\documents\visual studio 2012\Projects\sgx_tsqlite\sgx_tsqlite\Debug\rowset.obj
C:\Users\praveen\documents\visual studio 2012\Projects\sgx_tsqlite\sgx_tsqlite\Debug\rtree.obj
C:\Users\praveen\documents\visual studio 2012\Projects\sgx_tsqlite\sgx_tsqlite\Debug\select.obj
C:\Users\praveen\documents\visual studio 2012\Projects\sgx_tsqlite\sgx_tsqlite\Debug\sgx_tsqlite.obj
C:\Users\praveen\documents\visual studio 2012\Projects\sgx_tsqlite\sgx_tsqlite\Debug\sgx_tsqlite_t.obj
C:\Users\praveen\documents\visual studio 2012\Projects\sgx_tsqlite\sgx_tsqlite\Debug\sizeUtil.obj
C:\Users\praveen\documents\visual studio 2012\Projects\sgx_tsqlite\sgx_tsqlite\Debug\sqlite3rbu.obj
C:\Users\praveen\documents\visual studio 2012\Projects\sgx_tsqlite\sgx_tsqlite\Debug\status.obj
C:\Users\praveen\documents\visual studio 2012\Projects\sgx_tsqlite\sgx_tsqlite\Debug\table.obj
C:\Users\praveen\documents\visual studio 2012\Projects\sgx_tsqlite\sgx_tsqlite\Debug\tokenize.obj
C:\Users\praveen\documents\visual studio 2012\Projects\sgx_tsqlite\sgx_tsqlite\Debug\treeview.obj
C:\Users\praveen\documents\visual studio 2012\Projects\sgx_tsqlite\sgx_tsqlite\Debug\trigger.obj
C:\Users\praveen\documents\visual studio 2012\Projects\sgx_tsqlite\sgx_tsqlite\Debug\update.obj
C:\Users\praveen\documents\visual studio 2012\Projects\sgx_tsqlite\sgx_tsqlite\Debug\userauth.obj
C:\Users\praveen\documents\visual studio 2012\Projects\sgx_tsqlite\sgx_tsqlite\Debug\utf.obj
C:\Users\praveen\documents\visual studio 2012\Projects\sgx_tsqlite\sgx_tsqlite\Debug\util.obj
C:\Users\praveen\documents\visual studio 2012\Projects\sgx_tsqlite\sgx_tsqlite\Debug\vacuum.obj
C:\Users\praveen\documents\visual studio 2012\Projects\sgx_tsqlite\sgx_tsqlite\Debug\vdbe.obj
C:\Users\praveen\documents\visual studio 2012\Projects\sgx_tsqlite\sgx_tsqlite\Debug\vdbeapi.obj
C:\Users\praveen\documents\visual studio 2012\Projects\sgx_tsqlite\sgx_tsqlite\Debug\vdbeaux.obj
C:\Users\praveen\documents\visual studio 2012\Projects\sgx_tsqlite\sgx_tsqlite\Debug\vdbeblob.obj
C:\Users\praveen\documents\visual studio 2012\Projects\sgx_tsqlite\sgx_tsqlite\Debug\vdbemem.obj
C:\Users\praveen\documents\visual studio 2012\Projects\sgx_tsqlite\sgx_tsqlite\Debug\vdbesort.obj
C:\Users\praveen\documents\visual studio 2012\Projects\sgx_tsqlite\sgx_tsqlite\Debug\vdbetrace.obj
C:\Users\praveen\documents\visual studio 2012\Projects\sgx_tsqlite\sgx_tsqlite\Debug\vtab.obj
C:\Users\praveen\documents\visual studio 2012\Projects\sgx_tsqlite\sgx_tsqlite\Debug\wal.obj
C:\Users\praveen\documents\visual studio 2012\Projects\sgx_tsqlite\sgx_tsqlite\Debug\walker.obj
C:\Users\praveen\documents\visual studio 2012\Projects\sgx_tsqlite\sgx_tsqlite\Debug\where.obj
C:\Users\praveen\documents\visual studio 2012\Projects\sgx_tsqlite\sgx_tsqlite\Debug\wherecode.obj
C:\Users\praveen\documents\visual studio 2012\Projects\sgx_tsqlite\sgx_tsqlite\Debug\whereexpr.obj
C:\Users\praveen\documents\visual studio 2012\Projects\sgx_tsqlite\sgx_tsqlite\Debug\cl.command.1.tlog
C:\Users\praveen\documents\visual studio 2012\Projects\sgx_tsqlite\sgx_tsqlite\Debug\CL.read.1.tlog
C:\Users\praveen\documents\visual studio 2012\Projects\sgx_tsqlite\sgx_tsqlite\Debug\CL.write.1.tlog
C:\Users\praveen\documents\visual studio 2012\Projects\sgx_tsqlite\sgx_tsqlite\Debug\custombuild.command.1.tlog
C:\Users\praveen\documents\visual studio 2012\Projects\sgx_tsqlite\sgx_tsqlite\Debug\custombuild.read.1.tlog
C:\Users\praveen\documents\visual studio 2012\Projects\sgx_tsqlite\sgx_tsqlite\Debug\custombuild.write.1.tlog
C:\Users\praveen\documents\visual studio 2012\Projects\sgx_tsqlite\sgx_tsqlite\Debug\link.command.1.tlog
C:\Users\praveen\documents\visual studio 2012\Projects\sgx_tsqlite\sgx_tsqlite\Debug\link.read.1.tlog
C:\Users\praveen\documents\visual studio 2012\Projects\sgx_tsqlite\sgx_tsqlite\Debug\link.write.1.tlog
C:\Users\praveen\documents\visual studio 2012\Projects\sgx_tsqlite\sgx_tsqlite\Debug\sgx_tsqlite.write.1.tlog
C:\Users\praveen\documents\visual studio 2012\Projects\sgx_tsqlite\sgx_tsqlite\Debug\vc110.pdb
C:\Users\praveen\documents\visual studio 2012\Projects\sgx_tsqlite\Debug\sgx_tsqlite.pdb
C:\Users\praveen\documents\visual studio 2012\Projects\sgx_tsqlite\Debug\sgx_tsqlite.dll
