C:\CLOUDSEC\DEVELOPMENT\SAMPLE\ENCLAVE2\ENCLAVE2\DEBUG\ENCLAVE2_T.OBJ
C:\CLOUDSEC\DEVELOPMENT\SAMPLE\ENCLAVE2\ENCLAVE2\DEBUG\VC110.PDB
C:\CLOUDSEC\DEVELOPMENT\SAMPLE\ENCLAVE2\ENCLAVE2\DEBUG\ENCLAVE2.OBJ
C:\CLOUDSEC\DEVELOPMENT\SAMPLE\ENCLAVE2\ENCLAVE2\ENCLAVE2_T.H
C:\CLOUDSEC\DEVELOPMENT\SAMPLE\ENCLAVE2\ENCLAVE2\ENCLAVE2_T.C
C:\CloudSec\development\sample\Enclave2\Debug\Enclave2.lib
C:\CloudSec\development\sample\Enclave2\Debug\Enclave2.exp
C:\CLOUDSEC\DEVELOPMENT\SAMPLE\ENCLAVE2\DEBUG\ENCLAVE2.DLL
C:\CLOUDSEC\DEVELOPMENT\SAMPLE\ENCLAVE2\DEBUG\ENCLAVE2.PDB
C:\CloudSec\development\sample\Enclave2\Enclave2\Debug\Enclave2.obj
C:\CloudSec\development\sample\Enclave2\Enclave2\Debug\Enclave2_t.obj
C:\CloudSec\development\sample\Enclave2\Enclave2\Debug\cl.command.1.tlog
C:\CloudSec\development\sample\Enclave2\Enclave2\Debug\CL.read.1.tlog
C:\CloudSec\development\sample\Enclave2\Enclave2\Debug\CL.write.1.tlog
C:\CloudSec\development\sample\Enclave2\Enclave2\Debug\custombuild.command.1.tlog
C:\CloudSec\development\sample\Enclave2\Enclave2\Debug\custombuild.read.1.tlog
C:\CloudSec\development\sample\Enclave2\Enclave2\Debug\custombuild.write.1.tlog
C:\CloudSec\development\sample\Enclave2\Enclave2\Debug\Enclave2.write.1.tlog
C:\CloudSec\development\sample\Enclave2\Enclave2\Debug\link.command.1.tlog
C:\CloudSec\development\sample\Enclave2\Enclave2\Debug\link.read.1.tlog
C:\CloudSec\development\sample\Enclave2\Enclave2\Debug\link.write.1.tlog
C:\CloudSec\development\sample\Enclave2\Enclave2\Debug\vc110.pdb
C:\CloudSec\development\sample\Enclave2\Debug\Enclave2.pdb
C:\CloudSec\development\sample\Enclave2\Debug\Enclave2.dll
