C:\USERS\PRAVEEN\DOCUMENTS\VISUAL STUDIO 2012\PROJECTS\SGX_TSQLITE\APPLICATION\RELEASE\MAIN.OBJ
C:\USERS\PRAVEEN\DOCUMENTS\VISUAL STUDIO 2012\PROJECTS\SGX_TSQLITE\APPLICATION\RELEASE\VC110.PDB
C:\USERS\PRAVEEN\DOCUMENTS\VISUAL STUDIO 2012\PROJECTS\SGX_TSQLITE\APPLICATION\RELEASE\SGX_TSQLITE_U.OBJ
C:\USERS\PRAVEEN\DOCUMENTS\VISUAL STUDIO 2012\PROJECTS\SGX_TSQLITE\APPLICATION\SGX_TSQLITE_U.H
C:\USERS\PRAVEEN\DOCUMENTS\VISUAL STUDIO 2012\PROJECTS\SGX_TSQLITE\APPLICATION\SGX_TSQLITE_U.C
C:\USERS\PRAVEEN\DOCUMENTS\VISUAL STUDIO 2012\PROJECTS\SGX_TSQLITE\RELEASE\APPLICATION.EXE
C:\USERS\PRAVEEN\DOCUMENTS\VISUAL STUDIO 2012\PROJECTS\SGX_TSQLITE\RELEASE\APPLICATION.PDB
C:\Users\praveen\Documents\Visual Studio 2012\Projects\sgx_tsqlite\application\Release\main.obj
C:\Users\praveen\Documents\Visual Studio 2012\Projects\sgx_tsqlite\application\Release\sgx_tsqlite_u.obj
C:\Users\praveen\Documents\Visual Studio 2012\Projects\sgx_tsqlite\application\Release\cl.command.1.tlog
C:\Users\praveen\Documents\Visual Studio 2012\Projects\sgx_tsqlite\application\Release\CL.read.1.tlog
C:\Users\praveen\Documents\Visual Studio 2012\Projects\sgx_tsqlite\application\Release\CL.write.1.tlog
C:\Users\praveen\Documents\Visual Studio 2012\Projects\sgx_tsqlite\application\Release\custombuild.command.1.tlog
C:\Users\praveen\Documents\Visual Studio 2012\Projects\sgx_tsqlite\application\Release\custombuild.read.1.tlog
C:\Users\praveen\Documents\Visual Studio 2012\Projects\sgx_tsqlite\application\Release\custombuild.write.1.tlog
C:\Users\praveen\Documents\Visual Studio 2012\Projects\sgx_tsqlite\application\Release\link-cvtres.read.1.tlog
C:\Users\praveen\Documents\Visual Studio 2012\Projects\sgx_tsqlite\application\Release\link-cvtres.write.1.tlog
C:\Users\praveen\Documents\Visual Studio 2012\Projects\sgx_tsqlite\application\Release\link-rc.read.1.tlog
C:\Users\praveen\Documents\Visual Studio 2012\Projects\sgx_tsqlite\application\Release\link-rc.write.1.tlog
C:\Users\praveen\Documents\Visual Studio 2012\Projects\sgx_tsqlite\application\Release\link.command.1.tlog
C:\Users\praveen\Documents\Visual Studio 2012\Projects\sgx_tsqlite\application\Release\link.read.1.tlog
C:\Users\praveen\Documents\Visual Studio 2012\Projects\sgx_tsqlite\application\Release\link.write.1.tlog
C:\Users\praveen\Documents\Visual Studio 2012\Projects\sgx_tsqlite\application\Release\vc110.pdb
C:\Users\praveen\Documents\Visual Studio 2012\Projects\sgx_tsqlite\Release\application.pdb
C:\Users\praveen\Documents\Visual Studio 2012\Projects\sgx_tsqlite\Release\application.exe
