C:\CLOUDSEC\DEVELOPMENT\SAMPLE\ENCLAVE2\ENCLAVE2\SIMULATION\ENCLAVE2.OBJ
C:\CLOUDSEC\DEVELOPMENT\SAMPLE\ENCLAVE2\ENCLAVE2\SIMULATION\VC110.PDB
C:\CLOUDSEC\DEVELOPMENT\SAMPLE\ENCLAVE2\ENCLAVE2\SIMULATION\ENCLAVE2_T.OBJ
C:\CLOUDSEC\DEVELOPMENT\SAMPLE\ENCLAVE2\ENCLAVE2\ENCLAVE2_T.H
C:\CLOUDSEC\DEVELOPMENT\SAMPLE\ENCLAVE2\ENCLAVE2\ENCLAVE2_T.C
C:\CloudSec\development\sample\Enclave2\Simulation\Enclave2.lib
C:\CloudSec\development\sample\Enclave2\Simulation\Enclave2.exp
C:\CLOUDSEC\DEVELOPMENT\SAMPLE\ENCLAVE2\SIMULATION\ENCLAVE2.DLL
C:\CLOUDSEC\DEVELOPMENT\SAMPLE\ENCLAVE2\SIMULATION\ENCLAVE2.PDB
C:\CloudSec\development\sample\Enclave2\Enclave2\Simulation\Enclave2.obj
C:\CloudSec\development\sample\Enclave2\Enclave2\Simulation\Enclave2_t.obj
C:\CloudSec\development\sample\Enclave2\Enclave2\Simulation\cl.command.1.tlog
C:\CloudSec\development\sample\Enclave2\Enclave2\Simulation\CL.read.1.tlog
C:\CloudSec\development\sample\Enclave2\Enclave2\Simulation\CL.write.1.tlog
C:\CloudSec\development\sample\Enclave2\Enclave2\Simulation\custombuild.command.1.tlog
C:\CloudSec\development\sample\Enclave2\Enclave2\Simulation\custombuild.read.1.tlog
C:\CloudSec\development\sample\Enclave2\Enclave2\Simulation\custombuild.write.1.tlog
C:\CloudSec\development\sample\Enclave2\Enclave2\Simulation\Enclave2.write.1.tlog
C:\CloudSec\development\sample\Enclave2\Enclave2\Simulation\link.command.1.tlog
C:\CloudSec\development\sample\Enclave2\Enclave2\Simulation\link.read.1.tlog
C:\CloudSec\development\sample\Enclave2\Enclave2\Simulation\link.write.1.tlog
C:\CloudSec\development\sample\Enclave2\Enclave2\Simulation\vc110.pdb
C:\CloudSec\development\sample\Enclave2\Simulation\Enclave2.pdb
C:\CloudSec\development\sample\Enclave2\Simulation\Enclave2.dll
