C:\USERS\PRAVEEN\DOCUMENTS\VISUAL STUDIO 2012\PROJECTS\SGX_TSQLITE\APPLICATION\DEBUG\MAIN.OBJ
C:\USERS\PRAVEEN\DOCUMENTS\VISUAL STUDIO 2012\PROJECTS\SGX_TSQLITE\APPLICATION\DEBUG\VC110.PDB
C:\USERS\PRAVEEN\DOCUMENTS\VISUAL STUDIO 2012\PROJECTS\SGX_TSQLITE\APPLICATION\DEBUG\SGX_TSQLITE_U.OBJ
C:\USERS\PRAVEEN\DOCUMENTS\VISUAL STUDIO 2012\PROJECTS\SGX_TSQLITE\APPLICATION\SGX_TSQLITE_U.H
C:\USERS\PRAVEEN\DOCUMENTS\VISUAL STUDIO 2012\PROJECTS\SGX_TSQLITE\APPLICATION\SGX_TSQLITE_U.C
C:\USERS\PRAVEEN\DOCUMENTS\VISUAL STUDIO 2012\PROJECTS\SGX_TSQLITE\DEBUG\APPLICATION.ILK
C:\USERS\PRAVEEN\DOCUMENTS\VISUAL STUDIO 2012\PROJECTS\SGX_TSQLITE\DEBUG\APPLICATION.EXE
C:\USERS\PRAVEEN\DOCUMENTS\VISUAL STUDIO 2012\PROJECTS\SGX_TSQLITE\DEBUG\APPLICATION.PDB
C:\Users\praveen\documents\visual studio 2012\Projects\sgx_tsqlite\application\Debug\main.obj
C:\Users\praveen\documents\visual studio 2012\Projects\sgx_tsqlite\application\Debug\sgx_tsqlite_u.obj
C:\Users\praveen\documents\visual studio 2012\Projects\sgx_tsqlite\application\Debug\cl.command.1.tlog
C:\Users\praveen\documents\visual studio 2012\Projects\sgx_tsqlite\application\Debug\CL.read.1.tlog
C:\Users\praveen\documents\visual studio 2012\Projects\sgx_tsqlite\application\Debug\CL.write.1.tlog
C:\Users\praveen\documents\visual studio 2012\Projects\sgx_tsqlite\application\Debug\custombuild.command.1.tlog
C:\Users\praveen\documents\visual studio 2012\Projects\sgx_tsqlite\application\Debug\custombuild.read.1.tlog
C:\Users\praveen\documents\visual studio 2012\Projects\sgx_tsqlite\application\Debug\custombuild.write.1.tlog
C:\Users\praveen\documents\visual studio 2012\Projects\sgx_tsqlite\application\Debug\link-cvtres.read.1.tlog
C:\Users\praveen\documents\visual studio 2012\Projects\sgx_tsqlite\application\Debug\link-cvtres.write.1.tlog
C:\Users\praveen\documents\visual studio 2012\Projects\sgx_tsqlite\application\Debug\link-rc.read.1.tlog
C:\Users\praveen\documents\visual studio 2012\Projects\sgx_tsqlite\application\Debug\link-rc.write.1.tlog
C:\Users\praveen\documents\visual studio 2012\Projects\sgx_tsqlite\application\Debug\link.command.1.tlog
C:\Users\praveen\documents\visual studio 2012\Projects\sgx_tsqlite\application\Debug\link.read.1.tlog
C:\Users\praveen\documents\visual studio 2012\Projects\sgx_tsqlite\application\Debug\link.write.1.tlog
C:\Users\praveen\documents\visual studio 2012\Projects\sgx_tsqlite\application\Debug\vc110.idb
C:\Users\praveen\documents\visual studio 2012\Projects\sgx_tsqlite\application\Debug\vc110.pdb
C:\Users\praveen\documents\visual studio 2012\Projects\sgx_tsqlite\Debug\application.pdb
C:\Users\praveen\documents\visual studio 2012\Projects\sgx_tsqlite\Debug\application.exe
C:\Users\praveen\documents\visual studio 2012\Projects\sgx_tsqlite\Debug\application.ilk
